Aaron Williams raiz esq esq esq esq dir dir esq esq dir dir dir dir esq dir esq esq dir esq dir esq dir esq dir dir NAO
Adrian Smith SIM
Al Ferrari raiz esq esq esq esq dir dir esq esq dir dir dir dir esq dir esq esq dir esq dir esq dir esq dir dir NAO
Alec Kessler raiz esq esq esq SIM
Andy Johnson SIM
Ariel Maughan SIM
Art Burris SIM
Ben McDonald raiz esq esq SIM
Ben Poquette raiz esq esq esq esq dir dir esq esq dir dir dir dir esq dir esq esq dir esq dir esq dir esq dir dir NAO
Bill Ebben raiz esq esq esq esq dir dir esq esq dir dir dir dir esq dir esq esq dir esq dir esq dir esq dir dir NAO
Bill Laimbeer SIM
Bob Kinney raiz esq esq esq esq dir dir esq esq dir dir dir dir esq dir esq esq dir esq dir esq dir esq dir dir NAO
Bob Schafer raiz esq esq esq esq dir dir esq SIM
Bones McKinney raiz esq esq esq esq dir dir esq esq dir dir dir dir esq dir esq esq dir esq dir esq dir esq dir dir NAO
Carl Shaeffer raiz esq esq esq esq dir dir SIM
Cheick Diallo raiz esq esq esq esq dir dir esq esq dir dir dir dir esq dir esq esq dir esq dir esq dir esq dir dir NAO
Chris Harris SIM
Chris Welp SIM
Cliff Barker SIM
Craig Dykema SIM
Curtis Kitchen SIM
Damian Jones raiz esq esq esq esq dir dir esq esq dir dir dir dir esq dir esq esq dir esq dir esq dir esq dir dir NAO
Damjan Rudez raiz esq esq esq esq dir dir esq esq dir dir dir dir esq dir esq esq dir esq dir esq dir esq dir dir NAO
Darnell Mee raiz esq esq esq esq dir dir esq esq dir dir dir dir esq dir esq esq dir esq dir esq dir esq dir dir NAO
Darren Tillis raiz esq SIM
Darryl Johnson raiz esq esq esq esq dir dir esq esq dir dir dir dir esq dir esq esq dir esq dir esq dir esq dir dir NAO
Dejounte Murray raiz esq esq esq esq dir dir esq esq dir dir dir dir esq dir esq esq dir esq dir esq dir esq dir dir NAO
Devin Booker raiz esq esq esq esq dir dir esq esq dir dir dir dir esq dir esq esq dir esq dir esq dir esq dir dir NAO
Devyn Marble raiz esq esq esq esq dir dir esq esq dir dir dir dir esq dir esq esq dir esq dir esq dir esq dir dir NAO
Dick Schnittker raiz esq esq esq esq dir dir esq esq dir dir dir dir esq dir esq esq dir esq dir esq dir esq dir dir NAO
Dijon Thompson raiz esq esq esq esq dir dir esq esq dir dir dir dir esq dir esq esq dir esq dir esq dir esq dir dir NAO
Donatas Motiejunas raiz esq esq esq esq dir dir esq esq dir dir dir dir esq dir esq esq dir esq dir esq dir esq dir dir NAO
Ed Dahler raiz esq esq esq esq dir dir esq esq dir dir dir dir esq dir esq esq dir esq dir esq dir esq dir dir NAO
Eddie Phillips SIM
Eric Riley raiz esq esq esq esq dir dir esq esq dir dir dir dir esq dir esq esq dir esq dir esq dir esq dir dir NAO
Frank Johnson raiz SIM
Frank Selvy raiz esq esq esq esq dir dir esq esq dir dir dir dir esq dir esq esq dir esq dir esq dir esq dir dir NAO
Gaylon Nickerson raiz esq esq esq esq dir dir esq esq dir dir dir dir esq dir esq esq dir esq dir esq dir esq dir dir NAO
George Reynolds raiz esq esq esq esq dir dir esq esq dir dir dir dir esq dir esq esq dir esq dir esq dir esq dir dir NAO
Glenn McDonald SIM
Harold Pressley raiz esq esq esq esq dir dir esq esq dir dir dir dir SIM
Hassan Whiteside raiz esq esq esq esq dir dir esq esq dir dir dir dir esq dir esq esq dir esq dir esq dir esq dir dir NAO
Herb Williams SIM
Hiram Fuller raiz esq esq esq esq dir dir esq esq dir dir dir dir esq dir esq esq dir esq dir esq dir esq dir dir NAO
Ira Newble raiz esq esq esq esq dir dir esq esq dir dir dir dir esq dir esq esq dir esq dir esq dir esq dir dir NAO
Jack George raiz esq esq esq esq dir dir esq esq dir dir dir dir esq dir esq esq dir esq dir esq dir esq dir dir NAO
Jack Molinas raiz esq esq esq esq dir dir esq esq dir dir dir dir esq dir esq esq dir esq dir esq dir esq dir dir NAO
James Blackwell raiz esq esq esq esq dir dir esq esq dir dir dir dir esq dir esq esq dir esq dir esq dir esq dir dir NAO
Jaren Jackson raiz esq esq esq esq dir dir esq esq dir dir dir dir esq dir esq esq dir esq dir esq dir esq dir dir NAO
Jeff Sanders SIM
Jeremy Evans raiz esq esq esq esq dir dir esq esq dir dir dir dir esq dir esq esq dir esq dir esq dir esq dir dir NAO
Jerry Fleishman raiz esq esq esq esq dir dir esq esq dir dir dir dir esq dir esq SIM
Joe Buckhalter raiz esq esq esq esq dir dir esq esq dir dir dir dir esq dir esq esq dir esq dir esq dir esq dir dir NAO
Joe Caldwell raiz esq esq esq esq dir dir esq esq dir dir dir dir esq dir esq esq dir SIM
Joe Young raiz esq esq esq esq dir dir esq esq dir dir dir dir esq dir esq esq dir esq dir esq dir esq dir dir NAO
John Johnson SIM
John Stroud SIM
Johnny Jones SIM
Johnny Orr SIM
Ken Johnson SIM
Ken Norman SIM
Kevin Grevey SIM
Kevin Willis SIM
Larry Drew raiz esq esq esq esq dir dir esq esq dir dir dir dir esq dir esq esq dir esq dir esq dir esq dir dir NAO
Larry Sykes raiz esq esq esq esq dir dir esq esq dir dir dir dir esq dir esq esq dir esq dir esq dir esq dir dir NAO
Leo Kubiak SIM
Lionel Chalmers raiz esq esq esq esq dir dir esq esq dir dir dir dir esq dir esq esq dir esq dir esq dir esq dir dir NAO
Lorenzen Wright raiz esq esq esq esq dir dir esq esq dir dir dir dir esq dir esq esq dir esq dir esq dir esq dir dir NAO
Luigi Datome raiz esq esq esq esq dir dir esq esq dir dir dir dir esq dir esq esq dir esq dir esq dir esq dir dir NAO
Luis Flores raiz esq esq esq esq dir dir esq esq dir dir dir dir esq dir esq esq dir esq dir esq dir esq dir dir NAO
Mamadou N'Diaye raiz esq esq esq esq dir dir esq esq dir dir dir dir esq dir esq esq dir esq dir esq dir esq dir dir NAO
Marcus Fizer raiz esq esq esq esq dir dir esq esq dir dir dir dir esq dir esq esq dir esq dir esq dir esq dir dir NAO
Mark Strickland raiz esq esq esq esq dir dir esq esq dir dir dir dir esq dir esq esq dir esq dir esq dir esq dir dir NAO
Marvin Barnes SIM
Mason Plumlee raiz esq esq esq esq dir dir esq esq dir dir dir dir esq dir esq esq dir esq dir esq dir esq dir dir NAO
Michael Phelps SIM
Michael Stewart raiz esq esq esq esq dir dir esq esq dir dir dir dir esq dir esq esq dir esq dir esq dir esq dir dir NAO
Mike Davis raiz esq esq esq esq dir dir esq esq dir dir dir dir esq dir esq esq dir esq dir SIM
Montrezl Harrell raiz esq esq esq esq dir dir esq esq dir dir dir dir esq dir esq esq dir esq dir esq dir esq dir dir NAO
Nick Fazekas raiz esq esq esq esq dir dir esq esq dir dir dir dir esq dir esq esq dir esq dir esq dir esq dir dir NAO
Nikola Vucevic raiz esq esq esq esq dir dir esq esq dir dir dir dir esq dir esq esq dir esq dir esq dir esq dir dir NAO
Nolan Smith raiz esq esq esq esq dir dir esq esq dir dir dir dir esq dir esq esq dir esq dir esq dir esq dir dir NAO
Ollie Johnson raiz esq esq esq esq dir dir esq esq dir dir dir dir esq dir esq esq dir esq dir esq dir SIM
Omri Casspi raiz esq esq esq esq dir dir esq esq dir dir dir dir esq dir esq esq dir esq dir esq dir esq dir dir NAO
Othello Hunter raiz esq esq esq esq dir dir esq esq dir dir dir dir esq dir esq esq dir esq dir esq dir esq dir dir NAO
Paul Walther SIM
Peyton Siva raiz esq esq esq esq dir dir esq esq dir dir dir dir esq dir esq esq dir esq dir esq dir esq dir dir NAO
Predrag Drobnjak raiz esq esq esq esq dir dir esq esq dir dir dir dir esq dir esq esq dir esq dir esq dir esq dir dir NAO
Quincy Acy raiz esq esq esq esq dir dir esq esq dir dir dir dir esq dir esq esq dir esq dir esq dir esq dir dir NAO
Ralph Drollinger raiz esq esq esq esq dir dir esq esq dir dir dir dir esq dir esq esq dir esq dir esq dir esq dir dir NAO
Robert Horry raiz esq esq esq esq dir dir esq esq dir dir dir dir esq dir SIM
Ron Harper SIM
Russ Schoene SIM
Sarunas Marciulionis raiz esq esq esq esq dir dir esq esq dir dir dir dir esq dir esq esq dir esq dir esq dir esq dir dir NAO
Stephen Thompson SIM
Thaddeus Young raiz esq esq esq esq dir dir esq esq dir dir dir dir esq dir esq esq dir esq dir esq dir esq dir dir NAO
Toby Kimball SIM
Tony Bennett SIM
Walter Dukes raiz esq esq esq esq dir dir esq esq dir dir dir dir esq dir esq esq dir esq dir esq dir esq dir dir NAO
