Aaron Williams raiz esq esq esq NAO
Adrian Smith raiz esq esq SIM
Al Ferrari raiz esq esq dir NAO
Alec Kessler SIM
Andy Johnson SIM
Ariel Maughan SIM
Art Burris SIM
Ben McDonald raiz esq SIM
Ben Poquette raiz esq dir NAO
Bill Ebben SIM
Bill Laimbeer SIM
Bob Kinney raiz esq dir NAO
Bob Schafer SIM
Bones McKinney raiz esq dir NAO
Carl Shaeffer SIM
Cheick Diallo raiz esq dir NAO
Chris Harris SIM
Chris Welp SIM
Cliff Barker SIM
Craig Dykema raiz SIM
Curtis Kitchen SIM
Damian Jones raiz dir esq NAO
Damjan Rudez raiz dir esq NAO
Darnell Mee raiz dir esq NAO
Darren Tillis SIM
Darryl Johnson raiz dir esq NAO
Dejounte Murray raiz dir esq NAO
Devin Booker raiz dir esq NAO
Devyn Marble raiz dir esq NAO
Dick Schnittker raiz dir esq NAO
Dijon Thompson raiz dir esq NAO
Donatas Motiejunas raiz dir esq NAO
Ed Dahler raiz dir esq NAO
Eddie Phillips SIM
Eric Riley raiz dir esq NAO
Frank Johnson raiz dir SIM
Frank Selvy raiz dir dir esq esq esq NAO
Gaylon Nickerson raiz dir dir esq esq esq NAO
George Reynolds SIM
Glenn McDonald SIM
Harold Pressley SIM
Hassan Whiteside raiz dir dir esq esq esq NAO
Herb Williams SIM
Hiram Fuller raiz dir dir esq esq esq NAO
Ira Newble raiz dir dir esq esq esq NAO
Jack George raiz dir dir esq esq esq NAO
Jack Molinas raiz dir dir esq esq esq NAO
James Blackwell raiz dir dir esq esq esq NAO
Jaren Jackson SIM
Jeff Sanders raiz dir dir esq esq SIM
Jeremy Evans raiz dir dir esq esq dir esq NAO
Jerry Fleishman raiz dir dir esq esq dir SIM
Joe Buckhalter raiz dir dir esq esq dir dir NAO
Joe Caldwell SIM
Joe Young raiz dir dir esq esq dir dir NAO
John Johnson raiz dir dir esq esq dir dir NAO
John Stroud SIM
Johnny Jones raiz dir dir esq esq dir dir NAO
Johnny Orr SIM
Ken Johnson raiz dir dir esq SIM
Ken Norman raiz dir dir esq dir SIM
Kevin Grevey SIM
Kevin Willis raiz dir dir SIM
Larry Drew raiz dir dir dir esq NAO
Larry Sykes raiz dir dir dir esq NAO
Leo Kubiak SIM
Lionel Chalmers raiz dir dir dir esq NAO
Lorenzen Wright raiz dir dir dir esq NAO
Luigi Datome raiz dir dir dir esq NAO
Luis Flores raiz dir dir dir esq NAO
Mamadou N'Diaye raiz dir dir dir esq NAO
Marcus Fizer raiz dir dir dir esq NAO
Mark Strickland raiz dir dir dir esq NAO
Marvin Barnes SIM
Mason Plumlee raiz dir dir dir esq NAO
Michael Phelps SIM
Michael Stewart raiz dir dir dir esq NAO
Mike Davis SIM
Montrezl Harrell raiz dir dir dir esq NAO
Nick Fazekas raiz dir dir dir esq NAO
Nikola Vucevic raiz dir dir dir esq NAO
Nolan Smith raiz dir dir dir esq NAO
Ollie Johnson raiz dir dir dir esq NAO
Omri Casspi raiz dir dir dir esq NAO
Othello Hunter raiz dir dir dir esq NAO
Paul Walther raiz dir dir dir SIM
Peyton Siva raiz dir dir dir dir esq NAO
Predrag Drobnjak raiz dir dir dir dir esq NAO
Quincy Acy raiz dir dir dir dir esq NAO
Ralph Drollinger raiz dir dir dir dir esq NAO
Robert Horry raiz dir dir dir dir SIM
Ron Harper SIM
Russ Schoene SIM
Sarunas Marciulionis raiz dir dir dir dir dir NAO
Stephen Thompson SIM
Thaddeus Young raiz dir dir dir dir dir NAO
Toby Kimball SIM
Tony Bennett SIM
Walter Dukes raiz dir dir dir dir dir NAO
